Library/Bee/Android/Prj/Mono2x/Gradle/launcher/build/outputs/mapping/release/seeds.txt
com.unity3d.player.UnityPlayer: int getNaturalOrientation(int)
com.unity3d.player.Camera2Wrapper: Camera2Wrapper(android.content.Context)
com.unity3d.player.a0: a0(com.unity3d.player.UnityPlayer)
com.unity3d.player.UnityPlayer: void updateGLDisplay(int,android.view.Surface)
com.unity3d.player.NetworkConnectivityNougat: void a()
com.unity3d.player.PlayAssetDeliveryUnityWrapper: java.lang.String getAssetPackPath(java.lang.String)
com.unity3d.player.r: void a()
com.unity3d.player.y0: void onAccuracyChanged(android.hardware.Sensor,int)
com.unity3d.player.UnityPlayer: android.content.pm.ActivityInfo getActivityInfo()
com.unity3d.player.H0: void updateVideoLayout()
com.unity3d.player.L0: L0(com.unity3d.player.P0)
com.unity3d.player.UnityPlayerActivity: void onCreate(android.os.Bundle)
com.unity3d.player.H: void a(boolean)
com.unity3d.player.H0: boolean canSeekForward()
com.unity3d.player.PlayAssetDeliveryUnityWrapper: void getAssetPackState(java.lang.String,com.unity3d.player.IAssetPackManagerStatusQueryCallback)
com.unity3d.player.l: l(android.content.Context)
com.unity3d.player.PlayAssetDeliveryUnityWrapper: void a()
com.unity3d.player.UnityPermissions: boolean checkInfoForMetadata(android.content.pm.PackageItemInfo)
com.unity3d.player.v: void run()
com.unity3d.player.o0: void run()
com.unity3d.player.UnityPlayer: boolean IsWindowTranslucent()
com.unity3d.player.UnityPlayer: void EarlyEnableFullScreenIfEnabled()
com.unity3d.player.Q: Q(android.os.Handler,com.unity3d.player.P)
com.unity3d.player.V: void a(float)
com.unity3d.player.UnityCoreAssetPacksStatusCallbacks: UnityCoreAssetPacksStatusCallbacks()
com.unity3d.player.a: void a(float)
com.unity3d.player.ReflectionHelper: boolean a(com.unity3d.player.A)
com.unity3d.player.y0: y0()
com.unity3d.player.W: void run()
org.fmod.a: void b()
com.unity3d.player.UnityPlayer: void reportSoftInputSelection(int,int)
com.unity3d.player.GoogleARCoreApi: void initializeARCore(android.app.Activity)
com.unity3d.player.UnityPlayerActivity: void onPause()
com.unity3d.player.UnityPlayer: void finish()
com.unity3d.player.UnityPlayer: boolean nativeIsAutorotationOn()
com.unity3d.player.l0: void run()
com.unity3d.player.UnityPermissions$ModalWaitForPermissionResponse: void onPermissionDenied(java.lang.String)
com.unity3d.player.ReflectionHelper: boolean beginProxyCall(long)
com.unity3d.player.UnityPlayer: java.lang.String loadNative(java.lang.String)
com.unity3d.player.ReflectionHelper: java.lang.reflect.Method getMethodID(java.lang.Class,java.lang.String,java.lang.String,boolean)
com.unity3d.player.UnityPlayer: boolean isUaaLUseCase()
com.unity3d.player.n: void onConfigureFailed(android.hardware.camera2.CameraCaptureSession)
com.unity3d.player.UnityPlayer: boolean onKeyMultiple(int,int,android.view.KeyEvent)
com.unity3d.player.UnityPlayer: void nativeLowMemory()
com.unity3d.player.UnityPlayerActivity: void onTrimMemory(int)
com.unity3d.player.O: void a(boolean)
com.unity3d.player.h0: void onClick(android.content.DialogInterface,int)
com.unity3d.player.UnityPlayer: void swapViews(android.view.View,android.view.View)
com.unity3d.player.ReflectionHelper: java.lang.Object nativeProxyInvoke(long,java.lang.String,java.lang.Object[])
com.unity3d.player.UnityPlayer: void setSoftInputStr(java.lang.String)
com.unity3d.player.UnityPlayer: boolean skipPermissionsDialog()
com.unity3d.player.HFPStatus: void deinitHFPStatusJni()
com.unity3d.player.U: void surfaceCreated(android.view.SurfaceHolder)
org.fmod.FMODAudioDevice: void run()
com.unity3d.player.UnityPlayer: void windowFocusChanged(boolean)
com.unity3d.player.R$id: R$id()
com.unity3d.player.H0: boolean canPause()
com.unity3d.player.UnityPlayer: void configurationChanged(android.content.res.Configuration)
com.unity3d.player.r: int a(android.content.Context,int)
com.unity3d.player.a: boolean a()
com.unity3d.player.UnityPlayer: void UnitySendMessage(java.lang.String,java.lang.String,java.lang.String)