Library/Bee/Android/Prj/Mono2x/Gradle/launcher/build/outputs/mapping/release/mapping.txt
# compiler: R8
# compiler_version: 4.0.52
# min_api: 29
# common_typos_disable
# {"id":"com.android.tools.r8.mapping","version":"2.1"}
# pg_map_id: d9c7f56
# pg_map_hash: SHA-256 d9c7f5623eed09bd146fd80cf90108f73492c87a62bce7d1f62cc2dc31ed0ccf
...
bitter.jnibridge.a -> bitter.jnibridge.a:
    java.lang.Object[] -$$Nest$fgeta(bitter.jnibridge.a) -> a
      # {"id":"com.android.tools.r8.synthesized"}
    void -$$Nest$fputb(bitter.jnibridge.a,long) -> b
      # {"id":"com.android.tools.r8.synthesized"}
com.google.androidgamesdk.SwappyDisplayManager -> com.google.androidgamesdk.SwappyDisplayManager:
    android.app.Activity -$$Nest$fgetmActivity(com.google.androidgamesdk.SwappyDisplayManager) -> a
      # {"id":"com.android.tools.r8.synthesized"}
com.google.androidgamesdk.b -> com.google.androidgamesdk.b:
    void <init>(com.google.androidgamesdk.b-IA) -> <init>
      # {"id":"com.android.tools.r8.synthesized"}
com.google.androidgamesdk.b-IA -> a.a:
# {"id":"sourceFile","fileName":"R8$$SyntheticClass"}
# {"id":"com.android.tools.r8.synthesized"}
com.google.androidgamesdk.d -> com.google.androidgamesdk.d:
    void <init>(com.google.androidgamesdk.d-IA) -> <init>
      # {"id":"com.android.tools.r8.synthesized"}
com.google.androidgamesdk.d-IA -> a.b:
# {"id":"sourceFile","fileName":"R8$$SyntheticClass"}
# {"id":"com.android.tools.r8.synthesized"}
com.unity3d.player.A -> com.unity3d.player.A:
    int -$$Nest$fgetd(com.unity3d.player.A) -> a
      # {"id":"com.android.tools.r8.synthesized"}
com.unity3d.player.B -> com.unity3d.player.B:
    long -$$Nest$fgeta(com.unity3d.player.B) -> a
      # {"id":"com.android.tools.r8.synthesized"}
    boolean -$$Nest$fgetb(com.unity3d.player.B) -> b
      # {"id":"com.android.tools.r8.synthesized"}
    void -$$Nest$fputa(com.unity3d.player.B,long) -> c
      # {"id":"com.android.tools.r8.synthesized"}
com.unity3d.player.C0 -> com.unity3d.player.C0:
    void <init>(com.unity3d.player.UnityPlayer,com.unity3d.player.C0-IA) -> <init>
      # {"id":"com.android.tools.r8.synthesized"}
    void -$$Nest$ma(com.unity3d.player.C0,com.unity3d.player.A0) -> a
      # {"id":"com.android.tools.r8.synthesized"}
com.unity3d.player.C0-IA -> com.unity3d.player.a1:
# {"id":"sourceFile","fileName":"R8$$SyntheticClass"}
# {"id":"com.android.tools.r8.synthesized"}
com.unity3d.player.D0 -> com.unity3d.player.D0:
    void <init>(com.unity3d.player.UnityPlayer,com.unity3d.player.D0-IA) -> <init>
      # {"id":"com.android.tools.r8.synthesized"}
com.unity3d.player.D0-IA -> com.unity3d.player.b1:
# {"id":"sourceFile","fileName":"R8$$SyntheticClass"}
# {"id":"com.android.tools.r8.synthesized"}
com.unity3d.player.G0 -> com.unity3d.player.G0:
    void -$$Nest$fputb(com.unity3d.player.G0,boolean) -> a
      # {"id":"com.android.tools.r8.synthesized"}
com.unity3d.player.HFPStatus -> com.unity3d.player.HFPStatus:
    boolean -$$Nest$fgetc(com.unity3d.player.HFPStatus) -> a
      # {"id":"com.android.tools.r8.synthesized"}
    android.media.AudioManager -$$Nest$fgetd(com.unity3d.player.HFPStatus) -> b
      # {"id":"com.android.tools.r8.synthesized"}
    void -$$Nest$fputf(com.unity3d.player.HFPStatus,int) -> c
      # {"id":"com.android.tools.r8.synthesized"}
    void -$$Nest$ma(com.unity3d.player.HFPStatus) -> d
      # {"id":"com.android.tools.r8.synthesized"}
com.unity3d.player.NetworkConnectivityNougat -> com.unity3d.player.NetworkConnectivityNougat:
    void -$$Nest$fputb(com.unity3d.player.NetworkConnectivityNougat,int) -> c
      # {"id":"com.android.tools.r8.synthesized"}